#
# There is insufficient memory for the Java Runtime Environment to continue.
# Native memory allocation (mmap) failed to map 65536 bytes for Failed to commit metaspace.
# Possible reasons:
#   The system is out of physical RAM or swap space
#   The process is running with CompressedOops enabled, and the Java Heap may be blocking the growth of the native heap
# Possible solutions:
#   Reduce memory load on the system
#   Increase physical memory or swap space
#   Check if swap backing store is full
#   Decrease Java heap size (-Xmx/-Xms)
#   Decrease number of Java threads
#   Decrease Java thread stack sizes (-Xss)
#   Set larger code cache with -XX:ReservedCodeCacheSize=
#   JVM is running with Unscaled Compressed Oops mode in which the Java heap is
#     placed in the first 4GB address space. The Java Heap base address is the
#     maximum limit for the native heap growth. Please use -XX:HeapBaseMinAddress
#     to set the Java Heap base and to place the Java Heap above 4GB virtual address.
# This output file may be truncated or incomplete.
#
#  Out of Memory Error (virtualSpaceNode.cpp:110), pid=5276, tid=22140
#
# JRE version: OpenJDK Runtime Environment JBR-17.0.10+8-1207.12-jcef (17.0.10+8) (build 17.0.10+8-b1207.12)
# Java VM: OpenJDK 64-Bit Server VM JBR-17.0.10+8-1207.12-jcef (17.0.10+8-b1207.12, mixed mode, tiered, compressed oops, compressed class ptrs, g1 gc, windows-amd64)
# No core dump will be written. Minidumps are not enabled by default on client versions of Windows
#

---------------  S U M M A R Y ------------

Command Line: -Djava.rmi.server.hostname=127.0.0.1 -Duser.timezone=UTC -Xmx2048m -Xms128m -Djdbc.classpath=F:\IntelliJ IDEA 2024.2\plugins\DatabaseTools\lib\jdbc-console.jar;C:\Users\admin\AppData\Roaming\JetBrains\IntelliJIdea2024.1\jdbc-drivers\MySQL ConnectorJ\8.2.0\com\mysql\mysql-connector-j\8.2.0\mysql-connector-j-8.2.0.jar;C:\Users\admin\AppData\Roaming\JetBrains\IntelliJIdea2024.1\jdbc-drivers\MySQL ConnectorJ\8.2.0\com\google\protobuf\protobuf-java\3.21.9\protobuf-java-3.21.9.jar --add-exports=java.desktop/sun.awt=ALL-UNNAMED --add-exports=java.desktop/java.awt.peer=ALL-UNNAMED --add-opens=java.desktop/java.awt=ALL-UNNAMED --add-opens=jdk.unsupported/sun.misc=ALL-UNNAMED --add-opens=java.base/java.nio=ALL-UNNAMED --add-opens=java.base/java.util=ALL-UNNAMED -Dfile.encoding=UTF-8 com.intellij.database.remote.RemoteJdbcServer com.mysql.cj.jdbc.Driver

Host: Intel(R) Core(TM) i7-10870H CPU @ 2.20GHz, 16 cores, 31G,  Windows 10 , 64 bit Build 19041 (10.0.19041.3636)
Time: Mon Nov 10 16:30:35 2025  Windows 10 , 64 bit Build 19041 (10.0.19041.3636) elapsed time: 0.778683 seconds (0d 0h 0m 0s)

---------------  T H R E A D  ---------------

Current thread (0x0000025cc37b0aa0):  JavaThread "RMI TCP Connection(4)-127.0.0.1" daemon [_thread_in_vm, id=22140, stack(0x000000ae6b500000,0x000000ae6b600000)]

Stack: [0x000000ae6b500000,0x000000ae6b600000]
Native frames: (J=compiled Java code, j=interpreted, Vv=VM code, C=native code)
V  [jvm.dll+0x687989]
V  [jvm.dll+0x84116a]
V  [jvm.dll+0x842dae]
V  [jvm.dll+0x843413]
V  [jvm.dll+0x249ccf]
V  [jvm.dll+0x83c11b]
V  [jvm.dll+0x62bf36]
V  [jvm.dll+0x62bf9a]
V  [jvm.dll+0x62e7ca]
V  [jvm.dll+0x62c8d6]
V  [jvm.dll+0x23d96f]
V  [jvm.dll+0x636785]
V  [jvm.dll+0x1ecb4b]
V  [jvm.dll+0x1ed085]
V  [jvm.dll+0x1eda25]
V  [jvm.dll+0x1e2edc]
V  [jvm.dll+0x54c7ac]
V  [jvm.dll+0x1f3a5b]
V  [jvm.dll+0x7b97bb]
V  [jvm.dll+0x7bac2c]
V  [jvm.dll+0x7baf78]
V  [jvm.dll+0x24170e]
V  [jvm.dll+0x386836]
C  0x0000025cb2efb7ca

The last pc belongs to anewarray (printed below).
Java frames: (J=compiled Java code, j=interpreted, Vv=VM code)
j  sun.security.ssl.SSLSessionImpl.<clinit>()V+5 java.base@17.0.10
v  ~StubRoutines::call_stub
j  sun.security.ssl.TransportContext.<init>(Lsun/security/ssl/SSLContextImpl;Lsun/security/ssl/SSLTransport;Lsun/security/ssl/SSLConfiguration;Lsun/security/ssl/InputRecord;Lsun/security/ssl/OutputRecord;Z)V+115 java.base@17.0.10
j  sun.security.ssl.TransportContext.<init>(Lsun/security/ssl/SSLContextImpl;Lsun/security/ssl/SSLTransport;Lsun/security/ssl/InputRecord;Lsun/security/ssl/OutputRecord;Z)V+17 java.base@17.0.10
j  sun.security.ssl.SSLSocketImpl.<init>(Lsun/security/ssl/SSLContextImpl;Ljava/net/Socket;Ljava/lang/String;IZ)V+108 java.base@17.0.10
j  sun.security.ssl.SSLSocketFactoryImpl.createSocket(Ljava/net/Socket;Ljava/lang/String;IZ)Ljava/net/Socket;+13 java.base@17.0.10
j  com.mysql.cj.protocol.ExportControlled.performTlsHandshake(Ljava/net/Socket;Lcom/mysql/cj/protocol/SocketConnection;Lcom/mysql/cj/ServerVersion;Lcom/mysql/cj/log/Log;)Ljava/net/Socket;+339
j  com.mysql.cj.protocol.StandardSocketFactory.performTlsHandshake(Lcom/mysql/cj/protocol/SocketConnection;Lcom/mysql/cj/protocol/ServerSession;Lcom/mysql/cj/log/Log;)Ljava/io/Closeable;+21
j  com.mysql.cj.protocol.a.NativeSocketConnection.performTlsHandshake(Lcom/mysql/cj/protocol/ServerSession;Lcom/mysql/cj/log/Log;)V+8
j  com.mysql.cj.protocol.a.NativeProtocol.negotiateSSLConnection()V+116
j  com.mysql.cj.protocol.a.NativeAuthenticationProvider.connect(Ljava/lang/String;Ljava/lang/String;Ljava/lang/String;)V+765
j  com.mysql.cj.protocol.a.NativeProtocol.connect(Ljava/lang/String;Ljava/lang/String;Ljava/lang/String;)V+11
j  com.mysql.cj.NativeSession.connect(Lcom/mysql/cj/conf/HostInfo;Ljava/lang/String;Ljava/lang/String;Ljava/lang/String;ILcom/mysql/cj/TransactionEventHandler;)V+110
j  com.mysql.cj.jdbc.ConnectionImpl.connectOneTryOnly(Z)V+32
j  com.mysql.cj.jdbc.ConnectionImpl.createNewIO(Z)V+27
j  com.mysql.cj.jdbc.ConnectionImpl.<init>(Lcom/mysql/cj/conf/HostInfo;)V+753
j  com.mysql.cj.jdbc.ConnectionImpl.getInstance(Lcom/mysql/cj/conf/HostInfo;)Lcom/mysql/cj/jdbc/JdbcConnection;+5
j  com.mysql.cj.jdbc.NonRegisteringDriver.connect(Ljava/lang/String;Ljava/util/Properties;)Ljava/sql/Connection;+72
j  com.intellij.database.remote.jdbc.helpers.JdbcHelperImpl.connect(Ljava/sql/Driver;Ljava/lang/String;Ljava/util/Properties;Ljava/util/Map;)Ljava/sql/Connection;+254
j  com.intellij.database.remote.jdbc.helpers.MysqlBaseJdbcHelper.connect(Ljava/sql/Driver;Ljava/lang/String;Ljava/util/Properties;Ljava/util/Map;)Ljava/sql/Connection;+41
j  com.intellij.database.remote.jdbc.impl.RemoteDriverImpl.connect(Ljava/lang/String;Ljava/util/Properties;Ljava/util/Map;)Lcom/intellij/database/remote/jdbc/RemoteConnection;+57
v  ~StubRoutines::call_stub
j  jdk.internal.reflect.NativeMethodAccessorImpl.invoke0(Ljava/lang/reflect/Method;Ljava/lang/Object;[Ljava/lang/Object;)Ljava/lang/Object;+0 java.base@17.0.10
j  jdk.internal.reflect.NativeMethodAccessorImpl.invoke(Ljava/lang/Object;[Ljava/lang/Object;)Ljava/lang/Object;+133 java.base@17.0.10
j  jdk.internal.reflect.DelegatingMethodAccessorImpl.invoke(Ljava/lang/Object;[Ljava/lang/Object;)Ljava/lang/Object;+6 java.base@17.0.10
j  java.lang.reflect.Method.invoke(Ljava/lang/Object;[Ljava/lang/Object;)Ljava/lang/Object;+59 java.base@17.0.10
j  sun.rmi.server.UnicastServerRef.dispatch(Ljava/rmi/Remote;Ljava/rmi/server/RemoteCall;)V+264 java.rmi@17.0.10
j  sun.rmi.transport.Transport$1.run()Ljava/lang/Void;+23 java.rmi@17.0.10
j  sun.rmi.transport.Transport$1.run()Ljava/lang/Object;+1 java.rmi@17.0.10
j  java.security.AccessController.executePrivileged(Ljava/security/PrivilegedExceptionAction;Ljava/security/AccessControlContext;Ljava/lang/Class;)Ljava/lang/Object;+29 java.base@17.0.10
j  java.security.AccessController.doPrivileged(Ljava/security/PrivilegedExceptionAction;Ljava/security/AccessControlContext;)Ljava/lang/Object;+13 java.base@17.0.10
j  sun.rmi.transport.Transport.serviceCall(Ljava/rmi/server/RemoteCall;)Z+157 java.rmi@17.0.10
j  sun.rmi.transport.tcp.TCPTransport.handleMessages(Lsun/rmi/transport/Connection;Z)V+145 java.rmi@17.0.10
j  sun.rmi.transport.tcp.TCPTransport$ConnectionHandler.run0()V+522 java.rmi@17.0.10
j  sun.rmi.transport.tcp.TCPTransport$ConnectionHandler.lambda$run$0()Ljava/lang/Void;+1 java.rmi@17.0.10
j  sun.rmi.transport.tcp.TCPTransport$ConnectionHandler$$Lambda$67+0x000000010010ffb0.run()Ljava/lang/Object;+4 java.rmi@17.0.10
J 748 c1 java.security.AccessController.executePrivileged(Ljava/security/PrivilegedAction;Ljava/security/AccessControlContext;Ljava/lang/Class;)Ljava/lang/Object; java.base@17.0.10 (65 bytes) @ 0x0000025cabbb56b4 [0x0000025cabbb5560+0x0000000000000154]
j  java.security.AccessController.doPrivileged(Ljava/security/PrivilegedAction;Ljava/security/AccessControlContext;)Ljava/lang/Object;+13 java.base@17.0.10
j  sun.rmi.transport.tcp.TCPTransport$ConnectionHandler.run()V+37 java.rmi@17.0.10
j  java.util.concurrent.ThreadPoolExecutor.runWorker(Ljava/util/concurrent/ThreadPoolExecutor$Worker;)V+92 java.base@17.0.10
j  java.util.concurrent.ThreadPoolExecutor$Worker.run()V+5 java.base@17.0.10
j  java.lang.Thread.run()V+11 java.base@17.0.10
v  ~StubRoutines::call_stub
anewarray  189 anewarray  [0x0000025cb2efb760, 0x0000025cb2efb860]  256 bytes
[MachCode]
  0x0000025cb2efb760: 8b04 2448 | 83c4 0845 | 0fb7 4501 | 410f c841 | c1e8 1048 | 8b55 e848 | 8b52 0848 | 8b52 08e8 
  0x0000025cb2efb780: 0500 0000 | e9ad 0000 | 004c 8bc8 | 488d 4424 | 084c 896d | c049 8bcf | c5f8 7749 | 89af a802 
  0x0000025cb2efb7a0: 0000 4989 | 8798 0200 | 0048 83ec | 20f7 c40f | 0000 000f | 841a 0000 | 0048 83ec | 0849 bae0 
  0x0000025cb2efb7c0: 67f1 1bfe | 7f00 0041 | ffd2 4883 | c408 e90d | 0000 0049 | bae0 67f1 | 1bfe 7f00 | 0041 ffd2 
  0x0000025cb2efb7e0: 4883 c420 | 49c7 8798 | 0200 0000 | 0000 0049 | c787 a802 | 0000 0000 | 0000 49c7 | 87a0 0200 
  0x0000025cb2efb800: 0000 0000 | 00c5 f877 | 4981 7f08 | 0000 0000 | 0f84 0500 | 0000 e9e5 | 56fe ff49 | 8b87 f002 
  0x0000025cb2efb820: 0000 49c7 | 87f0 0200 | 0000 0000 | 004c 8b6d | c04c 8b75 | c8c3 410f | b65d 0349 | 83c5 0349 
  0x0000025cb2efb840: bac0 9674 | 1cfe 7f00 | 0041 ff24 | da66 6690 | 0000 0000 | 0000 0000 | 0000 0000 | 0000 0000 
[/MachCode]

Compiled method (c1)     791  748       3       java.security.AccessController::executePrivileged (65 bytes)
 total in heap  [0x0000025cabbb5390,0x0000025cabbb5978] = 1512
 relocation     [0x0000025cabbb54e8,0x0000025cabbb5548] = 96
 main code      [0x0000025cabbb5560,0x0000025cabbb5800] = 672
 stub code      [0x0000025cabbb5800,0x0000025cabbb5858] = 88
 metadata       [0x0000025cabbb5858,0x0000025cabbb5868] = 16
 scopes data    [0x0000025cabbb5868,0x0000025cabbb58e0] = 120
 scopes pcs     [0x0000025cabbb58e0,0x0000025cabbb5960] = 128
 dependencies   [0x0000025cabbb5960,0x0000025cabbb5968] = 8
 nul chk table  [0x0000025cabbb5968,0x0000025cabbb5978] = 16

[Constant Pool (empty)]

[MachCode]
[Verified Entry Point]
  # {method} {0x0000025cc403c8d8} 'executePrivileged' '(Ljava/security/PrivilegedAction;Ljava/security/AccessControlContext;Ljava/lang/Class;)Ljava/lang/Object;' in 'java/security/AccessController'
  # parm0:    rdx:rdx   = 'java/security/PrivilegedAction'
  # parm1:    r8:r8     = 'java/security/AccessControlContext'
  # parm2:    r9:r9     = 'java/lang/Class'
  #           [sp+0x50]  (sp of caller)
  0x0000025cabbb5560: 8984 2400 | 90ff ff55 | 4883 ec40 | 4c89 4424 

  0x0000025cabbb5570: ;   {metadata(method data for {method} {0x0000025cc403c8d8} 'executePrivileged' '(Ljava/security/PrivilegedAction;Ljava/security/AccessControlContext;Ljava/lang/Class;)Ljava/lang/Object;' in 'java/security/AccessController')}
  0x0000025cabbb5570: 3048 be40 | 6969 c45c | 0200 008b | becc 0000 | 0083 c702 | 89be cc00 | 0000 81e7 | fe07 0000 
  0x0000025cabbb5590: 83ff 000f | 84b7 0100 | 0049 83f8 

  0x0000025cabbb559c: ;   {metadata(method data for {method} {0x0000025cc403c8d8} 'executePrivileged' '(Ljava/security/PrivilegedAction;Ljava/security/AccessControlContext;Ljava/lang/Class;)Ljava/lang/Object;' in 'java/security/AccessController')}
  0x0000025cabbb559c: 0048 be40 | 6969 c45c | 0200 0048 | bf10 0100 | 0000 0000 | 000f 840a | 0000 0048 | bf20 0100 
  0x0000025cabbb55bc: 0000 0000 | 0048 8b1c | 3e48 8d5b | 0148 891c | 3e4c 894c | 2428 4889 | 5424 200f | 841f 0000 
  0x0000025cabbb55dc: ;   {metadata(method data for {method} {0x0000025cc403c8d8} 'executePrivileged' '(Ljava/security/PrivilegedAction;Ljava/security/AccessControlContext;Ljava/lang/Class;)Ljava/lang/Object;' in 'java/security/AccessController')}
  0x0000025cabbb55dc: 0048 be40 | 6969 c45c | 0200 0048 | 8386 3001 | 0000 0149 | 8bd0 0f1f 

  0x0000025cabbb55f4: ;   {static_call}
  0x0000025cabbb55f4: 4400 00e8 

  0x0000025cabbb55f8: ; ImmutableOopMap {[32]=Oop [40]=Oop [48]=Oop }
                      ;*invokestatic ensureMaterializedForStackWalk {reexecute=0 rethrow=0 return_oop=0}
                      ; - java.security.AccessController::executePrivileged@5 (line 772)
  0x0000025cabbb55f8: 0902 0000 

  0x0000025cabbb55fc: ;   {metadata(method data for {method} {0x0000025cc403c8d8} 'executePrivileged' '(Ljava/security/PrivilegedAction;Ljava/security/AccessControlContext;Ljava/lang/Class;)Ljava/lang/Object;' in 'java/security/AccessController')}
  0x0000025cabbb55fc: 48ba 4069 | 69c4 5c02 | 0000 ff82 | 4001 0000 | 488b 5424 | 2048 3b02 

  0x0000025cabbb5614: ;   {metadata(method data for {method} {0x0000025cc403c8d8} 'executePrivileged' '(Ljava/security/PrivilegedAction;Ljava/security/AccessControlContext;Ljava/lang/Class;)Ljava/lang/Object;' in 'java/security/AccessController')}
  0x0000025cabbb5614: 488b f248 | bf40 6969 | c45c 0200 | 008b 7608 | 48c1 e603 | 483b b7b0 | 0100 0075 | 0d48 8387 
  0x0000025cabbb5634: b801 0000 | 01e9 6600 | 0000 483b | b7c0 0100 | 0075 0d48 | 8387 c801 | 0000 01e9 | 5000 0000 
  0x0000025cabbb5654: 4881 bfb0 | 0100 0000 | 0000 0075 | 1748 89b7 | b001 0000 | 48c7 87b8 | 0100 0001 | 0000 00e9 
  0x0000025cabbb5674: 2c00 0000 | 4881 bfc0 | 0100 0000 | 0000 0075 | 1748 89b7 | c001 0000 | 48c7 87c8 | 0100 0001 
  0x0000025cabbb5694: 0000 00e9 | 0800 0000 | 4883 87a0 | 0100 0001 | 9048 b820 | 2246 c35c 

  0x0000025cabbb56ac: ;   {virtual_call}
  0x0000025cabbb56ac: 0200 00e8 

  0x0000025cabbb56b0: ; ImmutableOopMap {[40]=Oop [48]=Oop }
                      ;*invokeinterface run {reexecute=0 rethrow=0 return_oop=0}
                      ; - java.security.AccessController::executePrivileged@29 (line 776)
  0x0000025cabbb56b0: d4b2 4207 

  0x0000025cabbb56b4: ;   {metadata(method data for {method} {0x0000025cc403c8d8} 'executePrivileged' '(Ljava/security/PrivilegedAction;Ljava/security/AccessControlContext;Ljava/lang/Class;)Ljava/lang/Object;' in 'java/security/AccessController')}
  0x0000025cabbb56b4: 48be 4069 | 69c4 5c02 | 0000 ff86 | d801 0000 | 4c8b 4c24 

  0x0000025cabbb56c8: ;   {metadata(method data for {method} {0x0000025cc403c8d8} 'executePrivileged' '(Ljava/security/PrivilegedAction;Ljava/security/AccessControlContext;Ljava/lang/Class;)Ljava/lang/Object;' in 'java/security/AccessController')}
  0x0000025cabbb56c8: 2848 be40 | 6969 c45c | 0200 0048 | 8386 3802 

  0x0000025cabbb56d8: ;   {metadata(method data for {method} {0x0000025cc40429d0} 'reachabilityFence' '(Ljava/lang/Object;)V' in 'java/lang/ref/Reference')}
  0x0000025cabbb56d8: 0000 0148 | be88 d056 | c45c 0200 | 008b becc | 0000 0083 | c702 89be | cc00 0000 | 81e7 feff 
  0x0000025cabbb56f8: 1f00 83ff | 000f 8473 

  0x0000025cabbb5700: ;   {metadata(method data for {method} {0x0000025cc403c8d8} 'executePrivileged' '(Ljava/security/PrivilegedAction;Ljava/security/AccessControlContext;Ljava/lang/Class;)Ljava/lang/Object;' in 'java/security/AccessController')}
  0x0000025cabbb5700: 0000 0048 | be40 6969 | c45c 0200 | 0048 8386 | 4802 0000 

  0x0000025cabbb5714: ;   {metadata(method data for {method} {0x0000025cc40429d0} 'reachabilityFence' '(Ljava/lang/Object;)V' in 'java/lang/ref/Reference')}
  0x0000025cabbb5714: 0148 be88 | d056 c45c | 0200 008b | becc 0000 | 0083 c702 | 89be cc00 | 0000 81e7 | feff 1f00 
  0x0000025cabbb5734: 83ff 000f | 845a 0000 | 0048 83c4 

  0x0000025cabbb5740: ;   {poll_return}
  0x0000025cabbb5740: 405d 493b | a750 0300 | 000f 8766 | 0000 00c3 

  0x0000025cabbb5750: ;   {metadata({method} {0x0000025cc403c8d8} 'executePrivileged' '(Ljava/security/PrivilegedAction;Ljava/security/AccessControlContext;Ljava/lang/Class;)Ljava/lang/Object;' in 'java/security/AccessController')}
  0x0000025cabbb5750: 49ba d0c8 | 03c4 5c02 | 0000 4c89 | 5424 0848 | c704 24ff 

  0x0000025cabbb5764: ;   {runtime_call counter_overflow Runtime1 stub}
  0x0000025cabbb5764: ffff ffe8 

  0x0000025cabbb5768: ; ImmutableOopMap {rdx=Oop r8=Oop [48]=Oop r9=Oop }
                      ;*synchronization entry
                      ; - java.security.AccessController::executePrivileged@-1 (line 771)
  0x0000025cabbb5768: 1458 4207 | e928 feff 

  0x0000025cabbb5770: ;   {runtime_call throw_null_pointer_exception Runtime1 stub}
  0x0000025cabbb5770: ffe8 2afb 

  0x0000025cabbb5774: ; ImmutableOopMap {[40]=Oop rdx=Oop [48]=Oop }
                      ;*invokeinterface run {reexecute=0 rethrow=0 return_oop=0}
                      ; - java.security.AccessController::executePrivileged@29 (line 776)
                      ;   {metadata({method} {0x0000025cc40429d0} 'reachabilityFence' '(Ljava/lang/Object;)V' in 'java/lang/ref/Reference')}
  0x0000025cabbb5774: 4107 49ba | c829 04c4 | 5c02 0000 | 4c89 5424 | 0848 c704 | 24ff ffff 

  0x0000025cabbb578c: ;   {runtime_call counter_overflow Runtime1 stub}
  0x0000025cabbb578c: ffe8 ee57 

  0x0000025cabbb5790: ; ImmutableOopMap {rax=Oop r9=Oop }
                      ;*synchronization entry
                      ; - java.lang.ref.Reference::reachabilityFence@-1 (line 621)
                      ; - java.security.AccessController::executePrivileged@56 (line 781)
  0x0000025cabbb5790: 4207 e96c 

  0x0000025cabbb5794: ;   {metadata({method} {0x0000025cc40429d0} 'reachabilityFence' '(Ljava/lang/Object;)V' in 'java/lang/ref/Reference')}
  0x0000025cabbb5794: ffff ff49 | bac8 2904 | c45c 0200 | 004c 8954 | 2408 48c7 | 0424 ffff 

  0x0000025cabbb57ac: ;   {runtime_call counter_overflow Runtime1 stub}
  0x0000025cabbb57ac: ffff e8cd 

  0x0000025cabbb57b0: ; ImmutableOopMap {rax=Oop }
                      ;*synchronization entry
                      ; - java.lang.ref.Reference::reachabilityFence@-1 (line 621)
                      ; - java.security.AccessController::executePrivileged@60 (line 782)
  0x0000025cabbb57b0: 5742 07eb 

  0x0000025cabbb57b4: ;   {internal_word}
  0x0000025cabbb57b4: 8849 ba42 | 57bb ab5c | 0200 004d | 8997 6803 

  0x0000025cabbb57c4: ;   {runtime_call SafepointBlob}
  0x0000025cabbb57c4: 0000 e935 | 2238 0790 | 9049 8b87 | e003 0000 | 49c7 87e0 | 0300 0000 | 0000 0049 | c787 e803 
  0x0000025cabbb57e4: 0000 0000 | 0000 4883 

  0x0000025cabbb57ec: ;   {runtime_call unwind_exception Runtime1 stub}
  0x0000025cabbb57ec: c440 5de9 | 0c1b 3907 | f4f4 f4f4 | f4f4 f4f4 | f4f4 f4f4 
[Stub Code]
  0x0000025cabbb5800: ;   {no_reloc}
  0x0000025cabbb5800: 0f1f 4400 

  0x0000025cabbb5804: ;   {static_stub}
  0x0000025cabbb5804: 0048 bbc0 | c603 c45c 

  0x0000025cabbb580c: ;   {runtime_call I2C/C2I adapters}
  0x0000025cabbb580c: 0200 00e9 | 3c05 3807 

  0x0000025cabbb5814: ;   {static_stub}
  0x0000025cabbb5814: 9048 bb00 | 0000 0000 

  0x0000025cabbb581c: ;   {runtime_call}
  0x0000025cabbb581c: 0000 00e9 | fbff ffff 
[Exception Handler]
  0x0000025cabbb5824: ;   {runtime_call handle_exception_from_callee Runtime1 stub}
  0x0000025cabbb5824: e857 1842 

  0x0000025cabbb5828: ;   {external_word}
  0x0000025cabbb5828: 0748 b9a0 | 6d4c 1cfe | 7f00 0048 

  0x0000025cabbb5834: ;   {runtime_call}
  0x0000025cabbb5834: 83e4 f049 | ba80 cf14 | 1cfe 7f00 | 0041 ffd2 

  0x0000025cabbb5844: ;   {section_word}
  0x0000025cabbb5844: f449 ba45 | 58bb ab5c | 0200 0041 

  0x0000025cabbb5850: ;   {runtime_call DeoptimizationBlob}
  0x0000025cabbb5850: 52e9 4a14 | 3807 f4f4 
[/MachCode]


---------------  P R O C E S S  ---------------

Threads class SMR info:
_java_thread_list=0x0000025cc8657df0, length=27, elements={
0x0000025ca613dff0, 0x0000025cc3115270, 0x0000025cc3116000, 0x0000025cc312afb0,
0x0000025cc312b690, 0x0000025cc312df70, 0x0000025cc3163400, 0x0000025cc3164000,
0x0000025cc316fe20, 0x0000025cc3173750, 0x0000025cc32c6ca0, 0x0000025cc32c71c0,
0x0000025cc32df970, 0x0000025cc32f5320, 0x0000025cc3495e50, 0x0000025cc3756e80,
0x0000025cc348a980, 0x0000025cc3739260, 0x0000025cc3739740, 0x0000025cc377e810,
0x0000025cc3780d00, 0x0000025cc37b0080, 0x0000025cc37b0590, 0x0000025cc37b0aa0,
0x0000025cc37afb70, 0x0000025cc38541a0, 0x0000025cc3aa6c40
}

Java Threads: ( => current thread )
  0x0000025ca613dff0 JavaThread "main" [_thread_blocked, id=22992, stack(0x000000ae69600000,0x000000ae69700000)]
  0x0000025cc3115270 JavaThread "Reference Handler" daemon [_thread_blocked, id=4384, stack(0x000000ae69d00000,0x000000ae69e00000)]
  0x0000025cc3116000 JavaThread "Finalizer" daemon [_thread_blocked, id=22928, stack(0x000000ae69e00000,0x000000ae69f00000)]
  0x0000025cc312afb0 JavaThread "Signal Dispatcher" daemon [_thread_blocked, id=4128, stack(0x000000ae69f00000,0x000000ae6a000000)]
  0x0000025cc312b690 JavaThread "Attach Listener" daemon [_thread_blocked, id=5848, stack(0x000000ae6a000000,0x000000ae6a100000)]
  0x0000025cc312df70 JavaThread "Service Thread" daemon [_thread_blocked, id=23988, stack(0x000000ae6a100000,0x000000ae6a200000)]
  0x0000025cc3163400 JavaThread "Monitor Deflation Thread" daemon [_thread_blocked, id=23472, stack(0x000000ae6a200000,0x000000ae6a300000)]
  0x0000025cc3164000 JavaThread "C2 CompilerThread0" daemon [_thread_blocked, id=15296, stack(0x000000ae6a300000,0x000000ae6a400000)]
  0x0000025cc316fe20 JavaThread "C1 CompilerThread0" daemon [_thread_blocked, id=19576, stack(0x000000ae6a400000,0x000000ae6a500000)]
  0x0000025cc3173750 JavaThread "Sweeper thread" daemon [_thread_blocked, id=2832, stack(0x000000ae6a500000,0x000000ae6a600000)]
  0x0000025cc32c6ca0 JavaThread "C1 CompilerThread1" daemon [_thread_blocked, id=20416, stack(0x000000ae6a600000,0x000000ae6a700000)]
  0x0000025cc32c71c0 JavaThread "C1 CompilerThread2" daemon [_thread_blocked, id=24504, stack(0x000000ae6a700000,0x000000ae6a800000)]
  0x0000025cc32df970 JavaThread "Common-Cleaner" daemon [_thread_blocked, id=9812, stack(0x000000ae6a800000,0x000000ae6a900000)]
  0x0000025cc32f5320 JavaThread "Notification Thread" daemon [_thread_blocked, id=18052, stack(0x000000ae6a900000,0x000000ae6aa00000)]
  0x0000025cc3495e50 JavaThread "mysql-cj-abandoned-connection-cleanup" daemon [_thread_blocked, id=22404, stack(0x000000ae6ac00000,0x000000ae6ad00000)]
  0x0000025cc3756e80 JavaThread "RMI TCP Accept-26694" daemon [_thread_in_native, id=10460, stack(0x000000ae6ad00000,0x000000ae6ae00000)]
  0x0000025cc348a980 JavaThread "RMI TCP Accept-0" daemon [_thread_in_native, id=12408, stack(0x000000ae6ae00000,0x000000ae6af00000)]
  0x0000025cc3739260 JavaThread "RMI Reaper" [_thread_blocked, id=19768, stack(0x000000ae6af00000,0x000000ae6b000000)]
  0x0000025cc3739740 JavaThread "RMI GC Daemon" daemon [_thread_blocked, id=18024, stack(0x000000ae6b000000,0x000000ae6b100000)]
  0x0000025cc377e810 JavaThread "RMI TCP Connection(1)-127.0.0.1" daemon [_thread_in_native, id=16576, stack(0x000000ae6b100000,0x000000ae6b200000)]
  0x0000025cc3780d00 JavaThread "RMI TCP Connection(2)-127.0.0.1" daemon [_thread_in_native, id=4916, stack(0x000000ae6b200000,0x000000ae6b300000)]
  0x0000025cc37b0080 JavaThread "RMI Scheduler(0)" daemon [_thread_blocked, id=18200, stack(0x000000ae6b300000,0x000000ae6b400000)]
  0x0000025cc37b0590 JavaThread "RMI TCP Connection(3)-127.0.0.1" daemon [_thread_in_native, id=7872, stack(0x000000ae6b400000,0x000000ae6b500000)]
=>0x0000025cc37b0aa0 JavaThread "RMI TCP Connection(4)-127.0.0.1" daemon [_thread_in_vm, id=22140, stack(0x000000ae6b500000,0x000000ae6b600000)]
  0x0000025cc37afb70 JavaThread "RMI RenewClean-[127.0.0.1:50238]" daemon [_thread_blocked, id=704, stack(0x000000ae6ab00000,0x000000ae6ac00000)]
  0x0000025cc38541a0 JavaThread "C2 CompilerThread1" daemon [_thread_blocked, id=19168, stack(0x000000ae6b600000,0x000000ae6b700000)]
  0x0000025cc3aa6c40 JavaThread "C2 CompilerThread2" daemon [_thread_blocked, id=18560, stack(0x000000ae6b700000,0x000000ae6b800000)]

Other Threads:
  0x0000025cc2f8c6a0 VMThread "VM Thread" [stack: 0x000000ae69c00000,0x000000ae69d00000] [id=3200]
  0x0000025cc32fc970 WatcherThread [stack: 0x000000ae6aa00000,0x000000ae6ab00000] [id=21940]
  0x0000025ca836e5f0 GCTaskThread "GC Thread#0" [stack: 0x000000ae69700000,0x000000ae69800000] [id=22808]
  0x0000025cc8664da0 GCTaskThread "GC Thread#1" [stack: 0x000000ae6b800000,0x000000ae6b900000] [id=9456]
  0x0000025cc8c0d110 GCTaskThread "GC Thread#2" [stack: 0x000000ae6b900000,0x000000ae6ba00000] [id=1564]
  0x0000025cc3959050 GCTaskThread "GC Thread#3" [stack: 0x000000ae6ba00000,0x000000ae6bb00000] [id=9420]
  0x0000025cc84d0940 GCTaskThread "GC Thread#4" [stack: 0x000000ae6bb00000,0x000000ae6bc00000] [id=22244]
  0x0000025cc88b0510 GCTaskThread "GC Thread#5" [stack: 0x000000ae6bc00000,0x000000ae6bd00000] [id=23044]
  0x0000025cc3998c90 GCTaskThread "GC Thread#6" [stack: 0x000000ae6bd00000,0x000000ae6be00000] [id=17800]
  0x0000025cc868bd10 GCTaskThread "GC Thread#7" [stack: 0x000000ae6be00000,0x000000ae6bf00000] [id=2032]
  0x0000025cc8451c70 GCTaskThread "GC Thread#8" [stack: 0x000000ae6bf00000,0x000000ae6c000000] [id=6108]
  0x0000025cc87bf7a0 GCTaskThread "GC Thread#9" [stack: 0x000000ae6c000000,0x000000ae6c100000] [id=21380]
  0x0000025cc381aa40 GCTaskThread "GC Thread#10" [stack: 0x000000ae6c100000,0x000000ae6c200000] [id=21480]
  0x0000025ca8380460 ConcurrentGCThread "G1 Main Marker" [stack: 0x000000ae69800000,0x000000ae69900000] [id=22744]
  0x0000025ca8382540 ConcurrentGCThread "G1 Conc#0" [stack: 0x000000ae69900000,0x000000ae69a00000] [id=12624]
  0x0000025cc2e02520 ConcurrentGCThread "G1 Refine#0" [stack: 0x000000ae69a00000,0x000000ae69b00000] [id=18664]
  0x0000025cc2e02e60 ConcurrentGCThread "G1 Service" [stack: 0x000000ae69b00000,0x000000ae69c00000] [id=14124]

Threads with active compile tasks:

VM state: not at safepoint (normal execution)

VM Mutex/Monitor currently owned by a thread:  ([mutex/lock_event])
[0x0000025ca8310620] Metaspace_lock - owner thread: 0x0000025cc37b0aa0

Heap address: 0x0000000080000000, size: 2048 MB, Compressed Oops mode: 32-bit

CDS archive(s) not mapped
Compressed class space mapped at: 0x0000000100000000-0x0000000140000000, reserved size: 1073741824
Narrow klass base: 0x0000000000000000, Narrow klass shift: 3, Narrow klass range: 0x140000000

GC Precious Log:
 CPUs: 16 total, 16 available
 Memory: 32542M
 Large Page Support: Disabled
 NUMA Support: Disabled
 Compressed Oops: Enabled (32-bit)
 Heap Region Size: 1M
 Heap Min Capacity: 128M
 Heap Initial Capacity: 128M
 Heap Max Capacity: 2G
 Pre-touch: Disabled
 Parallel Workers: 13
 Concurrent Workers: 3
 Concurrent Refinement Workers: 13
 Periodic GC: Disabled

Heap:
 garbage-first heap   total 131072K, used 8638K [0x0000000080000000, 0x0000000100000000)
  region size 1024K, 4 young (4096K), 3 survivors (3072K)
 Metaspace       used 19338K, committed 19584K, reserved 1114112K
  class space    used 2042K, committed 2176K, reserved 1048576K

Heap Regions: E=young(eden), S=young(survivor), O=old, HS=humongous(starts), HC=humongous(continues), CS=collection set, F=free, OA=open archive, CA=closed archive, TAMS=top-at-mark-start (previous, next)
|   0|0x0000000080000000, 0x0000000080100000, 0x0000000080100000|100%|HS|  |TAMS 0x0000000080000000, 0x0000000080000000| Complete 
|   1|0x0000000080100000, 0x0000000080200000, 0x0000000080200000|100%|HC|  |TAMS 0x0000000080100000, 0x0000000080100000| Complete 
|   2|0x0000000080200000, 0x0000000080300000, 0x0000000080300000|100%|HC|  |TAMS 0x0000000080200000, 0x0000000080200000| Complete 
|   3|0x0000000080300000, 0x0000000080400000, 0x0000000080400000|100%| O|  |TAMS 0x0000000080300000, 0x0000000080300000| Untracked 
|   4|0x0000000080400000, 0x0000000080500000, 0x0000000080500000|100%| O|  |TAMS 0x0000000080400000, 0x0000000080400000| Untracked 
|   5|0x0000000080500000, 0x000000008056fa00, 0x0000000080600000| 43%| O|  |TAMS 0x0000000080500000, 0x0000000080500000| Untracked 
|   6|0x0000000080600000, 0x0000000080600000, 0x0000000080700000|  0%| F|  |TAMS 0x0000000080600000, 0x0000000080600000| Untracked 
|   7|0x0000000080700000, 0x0000000080700000, 0x0000000080800000|  0%| F|  |TAMS 0x0000000080700000, 0x0000000080700000| Untracked 
|   8|0x0000000080800000, 0x0000000080800000, 0x0000000080900000|  0%| F|  |TAMS 0x0000000080800000, 0x0000000080800000| Untracked 
|   9|0x0000000080900000, 0x0000000080900000, 0x0000000080a00000|  0%| F|  |TAMS 0x0000000080900000, 0x0000000080900000| Untracked 
|  10|0x0000000080a00000, 0x0000000080a00000, 0x0000000080b00000|  0%| F|  |TAMS 0x0000000080a00000, 0x0000000080a00000| Untracked 
|  11|0x0000000080b00000, 0x0000000080b00000, 0x0000000080c00000|  0%| F|  |TAMS 0x0000000080b00000, 0x0000000080b00000| Untracked 
|  12|0x0000000080c00000, 0x0000000080c00000, 0x0000000080d00000|  0%| F|  |TAMS 0x0000000080c00000, 0x0000000080c00000| Untracked 
|  13|0x0000000080d00000, 0x0000000080d00000, 0x0000000080e00000|  0%| F|  |TAMS 0x0000000080d00000, 0x0000000080d00000| Untracked 
|  14|0x0000000080e00000, 0x0000000080e00000, 0x0000000080f00000|  0%| F|  |TAMS 0x0000000080e00000, 0x0000000080e00000| Untracked 
|  15|0x0000000080f00000, 0x0000000080f00000, 0x0000000081000000|  0%| F|  |TAMS 0x0000000080f00000, 0x0000000080f00000| Untracked 
|  16|0x0000000081000000, 0x0000000081000000, 0x0000000081100000|  0%| F|  |TAMS 0x0000000081000000, 0x0000000081000000| Untracked 
|  17|0x0000000081100000, 0x0000000081100000, 0x0000000081200000|  0%| F|  |TAMS 0x0000000081100000, 0x0000000081100000| Untracked 
|  18|0x0000000081200000, 0x0000000081200000, 0x0000000081300000|  0%| F|  |TAMS 0x0000000081200000, 0x0000000081200000| Untracked 
|  19|0x0000000081300000, 0x0000000081300000, 0x0000000081400000|  0%| F|  |TAMS 0x0000000081300000, 0x0000000081300000| Untracked 
|  20|0x0000000081400000, 0x0000000081400000, 0x0000000081500000|  0%| F|  |TAMS 0x0000000081400000, 0x0000000081400000| Untracked 
|  21|0x0000000081500000, 0x0000000081500000, 0x0000000081600000|  0%| F|  |TAMS 0x0000000081500000, 0x0000000081500000| Untracked 
|  22|0x0000000081600000, 0x0000000081600000, 0x0000000081700000|  0%| F|  |TAMS 0x0000000081600000, 0x0000000081600000| Untracked 
|  23|0x0000000081700000, 0x0000000081700000, 0x0000000081800000|  0%| F|  |TAMS 0x0000000081700000, 0x0000000081700000| Untracked 
|  24|0x0000000081800000, 0x0000000081800000, 0x0000000081900000|  0%| F|  |TAMS 0x0000000081800000, 0x0000000081800000| Untracked 
|  25|0x0000000081900000, 0x0000000081900000, 0x0000000081a00000|  0%| F|  |TAMS 0x0000000081900000, 0x0000000081900000| Untracked 
|  26|0x0000000081a00000, 0x0000000081a00000, 0x0000000081b00000|  0%| F|  |TAMS 0x0000000081a00000, 0x0000000081a00000| Untracked 
|  27|0x0000000081b00000, 0x0000000081b00000, 0x0000000081c00000|  0%| F|  |TAMS 0x0000000081b00000, 0x0000000081b00000| Untracked 
|  28|0x0000000081c00000, 0x0000000081c00000, 0x0000000081d00000|  0%| F|  |TAMS 0x0000000081c00000, 0x0000000081c00000| Untracked 
|  29|0x0000000081d00000, 0x0000000081d00000, 0x0000000081e00000|  0%| F|  |TAMS 0x0000000081d00000, 0x0000000081d00000| Untracked 
|  30|0x0000000081e00000, 0x0000000081e00000, 0x0000000081f00000|  0%| F|  |TAMS 0x0000000081e00000, 0x0000000081e00000| Untracked 
|  31|0x0000000081f00000, 0x0000000081f00000, 0x0000000082000000|  0%| F|  |TAMS 0x0000000081f00000, 0x0000000081f00000| Untracked 
|  32|0x0000000082000000, 0x0000000082000000, 0x0000000082100000|  0%| F|  |TAMS 0x0000000082000000, 0x0000000082000000| Untracked 
|  33|0x0000000082100000, 0x0000000082100000, 0x0000000082200000|  0%| F|  |TAMS 0x0000000082100000, 0x0000000082100000| Untracked 
|  34|0x0000000082200000, 0x0000000082200000, 0x0000000082300000|  0%| F|  |TAMS 0x0000000082200000, 0x0000000082200000| Untracked 
|  35|0x0000000082300000, 0x0000000082300000, 0x0000000082400000|  0%| F|  |TAMS 0x0000000082300000, 0x0000000082300000| Untracked 
|  36|0x0000000082400000, 0x0000000082400000, 0x0000000082500000|  0%| F|  |TAMS 0x0000000082400000, 0x0000000082400000| Untracked 
|  37|0x0000000082500000, 0x0000000082500000, 0x0000000082600000|  0%| F|  |TAMS 0x0000000082500000, 0x0000000082500000| Untracked 
|  38|0x0000000082600000, 0x0000000082600000, 0x0000000082700000|  0%| F|  |TAMS 0x0000000082600000, 0x0000000082600000| Untracked 
|  39|0x0000000082700000, 0x0000000082700000, 0x0000000082800000|  0%| F|  |TAMS 0x0000000082700000, 0x0000000082700000| Untracked 
|  40|0x0000000082800000, 0x0000000082800000, 0x0000000082900000|  0%| F|  |TAMS 0x0000000082800000, 0x0000000082800000| Untracked 
|  41|0x0000000082900000, 0x0000000082900000, 0x0000000082a00000|  0%| F|  |TAMS 0x0000000082900000, 0x0000000082900000| Untracked 
|  42|0x0000000082a00000, 0x0000000082a00000, 0x0000000082b00000|  0%| F|  |TAMS 0x0000000082a00000, 0x0000000082a00000| Untracked 
|  43|0x0000000082b00000, 0x0000000082b00000, 0x0000000082c00000|  0%| F|  |TAMS 0x0000000082b00000, 0x0000000082b00000| Untracked 
|  44|0x0000000082c00000, 0x0000000082c00000, 0x0000000082d00000|  0%| F|  |TAMS 0x0000000082c00000, 0x0000000082c00000| Untracked 
|  45|0x0000000082d00000, 0x0000000082d00000, 0x0000000082e00000|  0%| F|  |TAMS 0x0000000082d00000, 0x0000000082d00000| Untracked 
|  46|0x0000000082e00000, 0x0000000082e00000, 0x0000000082f00000|  0%| F|  |TAMS 0x0000000082e00000, 0x0000000082e00000| Untracked 
|  47|0x0000000082f00000, 0x0000000082f00000, 0x0000000083000000|  0%| F|  |TAMS 0x0000000082f00000, 0x0000000082f00000| Untracked 
|  48|0x0000000083000000, 0x0000000083000000, 0x0000000083100000|  0%| F|  |TAMS 0x0000000083000000, 0x0000000083000000| Untracked 
|  49|0x0000000083100000, 0x0000000083100000, 0x0000000083200000|  0%| F|  |TAMS 0x0000000083100000, 0x0000000083100000| Untracked 
|  50|0x0000000083200000, 0x0000000083200000, 0x0000000083300000|  0%| F|  |TAMS 0x0000000083200000, 0x0000000083200000| Untracked 
|  51|0x0000000083300000, 0x0000000083300000, 0x0000000083400000|  0%| F|  |TAMS 0x0000000083300000, 0x0000000083300000| Untracked 
|  52|0x0000000083400000, 0x0000000083400000, 0x0000000083500000|  0%| F|  |TAMS 0x0000000083400000, 0x0000000083400000| Untracked 
|  53|0x0000000083500000, 0x0000000083500000, 0x0000000083600000|  0%| F|  |TAMS 0x0000000083500000, 0x0000000083500000| Untracked 
|  54|0x0000000083600000, 0x0000000083600000, 0x0000000083700000|  0%| F|  |TAMS 0x0000000083600000, 0x0000000083600000| Untracked 
|  55|0x0000000083700000, 0x0000000083700000, 0x0000000083800000|  0%| F|  |TAMS 0x0000000083700000, 0x0000000083700000| Untracked 
|  56|0x0000000083800000, 0x0000000083800000, 0x0000000083900000|  0%| F|  |TAMS 0x0000000083800000, 0x0000000083800000| Untracked 
|  57|0x0000000083900000, 0x0000000083900000, 0x0000000083a00000|  0%| F|  |TAMS 0x0000000083900000, 0x0000000083900000| Untracked 
|  58|0x0000000083a00000, 0x0000000083a00000, 0x0000000083b00000|  0%| F|  |TAMS 0x0000000083a00000, 0x0000000083a00000| Untracked 
|  59|0x0000000083b00000, 0x0000000083b00000, 0x0000000083c00000|  0%| F|  |TAMS 0x0000000083b00000, 0x0000000083b00000| Untracked 
|  60|0x0000000083c00000, 0x0000000083c00000, 0x0000000083d00000|  0%| F|  |TAMS 0x0000000083c00000, 0x0000000083c00000| Untracked 
|  61|0x0000000083d00000, 0x0000000083d00000, 0x0000000083e00000|  0%| F|  |TAMS 0x0000000083d00000, 0x0000000083d00000| Untracked 
|  62|0x0000000083e00000, 0x0000000083e00000, 0x0000000083f00000|  0%| F|  |TAMS 0x0000000083e00000, 0x0000000083e00000| Untracked 
|  63|0x0000000083f00000, 0x0000000083f00000, 0x0000000084000000|  0%| F|  |TAMS 0x0000000083f00000, 0x0000000083f00000| Untracked 
|  64|0x0000000084000000, 0x0000000084000000, 0x0000000084100000|  0%| F|  |TAMS 0x0000000084000000, 0x0000000084000000| Untracked 
|  65|0x0000000084100000, 0x0000000084100000, 0x0000000084200000|  0%| F|  |TAMS 0x0000000084100000, 0x0000000084100000| Untracked 
|  66|0x0000000084200000, 0x0000000084200000, 0x0000000084300000|  0%| F|  |TAMS 0x0000000084200000, 0x0000000084200000| Untracked 
|  67|0x0000000084300000, 0x0000000084300000, 0x0000000084400000|  0%| F|  |TAMS 0x0000000084300000, 0x0000000084300000| Untracked 
|  68|0x0000000084400000, 0x0000000084400000, 0x0000000084500000|  0%| F|  |TAMS 0x0000000084400000, 0x0000000084400000| Untracked 
|  69|0x0000000084500000, 0x0000000084500000, 0x0000000084600000|  0%| F|  |TAMS 0x0000000084500000, 0x0000000084500000| Untracked 
|  70|0x0000000084600000, 0x0000000084600000, 0x0000000084700000|  0%| F|  |TAMS 0x0000000084600000, 0x0000000084600000| Untracked 
|  71|0x0000000084700000, 0x0000000084700000, 0x0000000084800000|  0%| F|  |TAMS 0x0000000084700000, 0x0000000084700000| Untracked 
|  72|0x0000000084800000, 0x0000000084800000, 0x0000000084900000|  0%| F|  |TAMS 0x0000000084800000, 0x0000000084800000| Untracked 
|  73|0x0000000084900000, 0x0000000084900000, 0x0000000084a00000|  0%| F|  |TAMS 0x0000000084900000, 0x0000000084900000| Untracked 
|  74|0x0000000084a00000, 0x0000000084a00000, 0x0000000084b00000|  0%| F|  |TAMS 0x0000000084a00000, 0x0000000084a00000| Untracked 
|  75|0x0000000084b00000, 0x0000000084b00000, 0x0000000084c00000|  0%| F|  |TAMS 0x0000000084b00000, 0x0000000084b00000| Untracked 
|  76|0x0000000084c00000, 0x0000000084c00000, 0x0000000084d00000|  0%| F|  |TAMS 0x0000000084c00000, 0x0000000084c00000| Untracked 
|  77|0x0000000084d00000, 0x0000000084d00000, 0x0000000084e00000|  0%| F|  |TAMS 0x0000000084d00000, 0x0000000084d00000| Untracked 
|  78|0x0000000084e00000, 0x0000000084e00000, 0x0000000084f00000|  0%| F|  |TAMS 0x0000000084e00000, 0x0000000084e00000| Untracked 
|  79|0x0000000084f00000, 0x0000000084f00000, 0x0000000085000000|  0%| F|  |TAMS 0x0000000084f00000, 0x0000000084f00000| Untracked 
|  80|0x0000000085000000, 0x0000000085000000, 0x0000000085100000|  0%| F|  |TAMS 0x0000000085000000, 0x0000000085000000| Untracked 
|  81|0x0000000085100000, 0x0000000085100000, 0x0000000085200000|  0%| F|  |TAMS 0x0000000085100000, 0x0000000085100000| Untracked 
|  82|0x0000000085200000, 0x0000000085200000, 0x0000000085300000|  0%| F|  |TAMS 0x0000000085200000, 0x0000000085200000| Untracked 
|  83|0x0000000085300000, 0x0000000085300000, 0x0000000085400000|  0%| F|  |TAMS 0x0000000085300000, 0x0000000085300000| Untracked 
|  84|0x0000000085400000, 0x0000000085400000, 0x0000000085500000|  0%| F|  |TAMS 0x0000000085400000, 0x0000000085400000| Untracked 
|  85|0x0000000085500000, 0x0000000085500000, 0x0000000085600000|  0%| F|  |TAMS 0x0000000085500000, 0x0000000085500000| Untracked 
|  86|0x0000000085600000, 0x0000000085600000, 0x0000000085700000|  0%| F|  |TAMS 0x0000000085600000, 0x0000000085600000| Untracked 
|  87|0x0000000085700000, 0x0000000085700000, 0x0000000085800000|  0%| F|  |TAMS 0x0000000085700000, 0x0000000085700000| Untracked 
|  88|0x0000000085800000, 0x0000000085800000, 0x0000000085900000|  0%| F|  |TAMS 0x0000000085800000, 0x0000000085800000| Untracked 
|  89|0x0000000085900000, 0x0000000085900000, 0x0000000085a00000|  0%| F|  |TAMS 0x0000000085900000, 0x0000000085900000| Untracked 
|  90|0x0000000085a00000, 0x0000000085a00000, 0x0000000085b00000|  0%| F|  |TAMS 0x0000000085a00000, 0x0000000085a00000| Untracked 
|  91|0x0000000085b00000, 0x0000000085b00000, 0x0000000085c00000|  0%| F|  |TAMS 0x0000000085b00000, 0x0000000085b00000| Untracked 
|  92|0x0000000085c00000, 0x0000000085c00000, 0x0000000085d00000|  0%| F|  |TAMS 0x0000000085c00000, 0x0000000085c00000| Untracked 
|  93|0x0000000085d00000, 0x0000000085d00000, 0x0000000085e00000|  0%| F|  |TAMS 0x0000000085d00000, 0x0000000085d00000| Untracked 
|  94|0x0000000085e00000, 0x0000000085e00000, 0x0000000085f00000|  0%| F|  |TAMS 0x0000000085e00000, 0x0000000085e00000| Untracked 
|  95|0x0000000085f00000, 0x0000000085f00000, 0x0000000086000000|  0%| F|  |TAMS 0x0000000085f00000, 0x0000000085f00000| Untracked 
|  96|0x0000000086000000, 0x0000000086000000, 0x0000000086100000|  0%| F|  |TAMS 0x0000000086000000, 0x0000000086000000| Untracked 
|  97|0x0000000086100000, 0x0000000086100000, 0x0000000086200000|  0%| F|  |TAMS 0x0000000086100000, 0x0000000086100000| Untracked 
|  98|0x0000000086200000, 0x0000000086200000, 0x0000000086300000|  0%| F|  |TAMS 0x0000000086200000, 0x0000000086200000| Untracked 
|  99|0x0000000086300000, 0x0000000086300000, 0x0000000086400000|  0%| F|  |TAMS 0x0000000086300000, 0x0000000086300000| Untracked 
| 100|0x0000000086400000, 0x0000000086400000, 0x0000000086500000|  0%| F|  |TAMS 0x0000000086400000, 0x0000000086400000| Untracked 
| 101|0x0000000086500000, 0x0000000086500000, 0x0000000086600000|  0%| F|  |TAMS 0x0000000086500000, 0x0000000086500000| Untracked 
| 102|0x0000000086600000, 0x0000000086700000, 0x0000000086700000|100%| S|CS|TAMS 0x0000000086600000, 0x0000000086600000| Complete 
| 103|0x0000000086700000, 0x0000000086800000, 0x0000000086800000|100%| S|CS|TAMS 0x0000000086700000, 0x0000000086700000| Complete 
| 104|0x0000000086800000, 0x0000000086900000, 0x0000000086900000|100%| S|CS|TAMS 0x0000000086800000, 0x0000000086800000| Complete 
| 105|0x0000000086900000, 0x0000000086900000, 0x0000000086a00000|  0%| F|  |TAMS 0x0000000086900000, 0x0000000086900000| Untracked 
| 106|0x0000000086a00000, 0x0000000086a00000, 0x0000000086b00000|  0%| F|  |TAMS 0x0000000086a00000, 0x0000000086a00000| Untracked 
| 107|0x0000000086b00000, 0x0000000086b00000, 0x0000000086c00000|  0%| F|  |TAMS 0x0000000086b00000, 0x0000000086b00000| Untracked 
| 108|0x0000000086c00000, 0x0000000086c00000, 0x0000000086d00000|  0%| F|  |TAMS 0x0000000086c00000, 0x0000000086c00000| Untracked 
| 109|0x0000000086d00000, 0x0000000086d00000, 0x0000000086e00000|  0%| F|  |TAMS 0x0000000086d00000, 0x0000000086d00000| Untracked 
| 110|0x0000000086e00000, 0x0000000086e00000, 0x0000000086f00000|  0%| F|  |TAMS 0x0000000086e00000, 0x0000000086e00000| Untracked 
| 111|0x0000000086f00000, 0x0000000086f00000, 0x0000000087000000|  0%| F|  |TAMS 0x0000000086f00000, 0x0000000086f00000| Untracked 
| 112|0x0000000087000000, 0x0000000087000000, 0x0000000087100000|  0%| F|  |TAMS 0x0000000087000000, 0x0000000087000000| Untracked 
| 113|0x0000000087100000, 0x0000000087100000, 0x0000000087200000|  0%| F|  |TAMS 0x0000000087100000, 0x0000000087100000| Untracked 
| 114|0x0000000087200000, 0x0000000087200000, 0x0000000087300000|  0%| F|  |TAMS 0x0000000087200000, 0x0000000087200000| Untracked 
| 115|0x0000000087300000, 0x0000000087300000, 0x0000000087400000|  0%| F|  |TAMS 0x0000000087300000, 0x0000000087300000| Untracked 
| 116|0x0000000087400000, 0x0000000087400000, 0x0000000087500000|  0%| F|  |TAMS 0x0000000087400000, 0x0000000087400000| Untracked 
| 117|0x0000000087500000, 0x0000000087500000, 0x0000000087600000|  0%| F|  |TAMS 0x0000000087500000, 0x0000000087500000| Untracked 
| 118|0x0000000087600000, 0x0000000087600000, 0x0000000087700000|  0%| F|  |TAMS 0x0000000087600000, 0x0000000087600000| Untracked 
| 119|0x0000000087700000, 0x0000000087700000, 0x0000000087800000|  0%| F|  |TAMS 0x0000000087700000, 0x0000000087700000| Untracked 
| 120|0x0000000087800000, 0x0000000087800000, 0x0000000087900000|  0%| F|  |TAMS 0x0000000087800000, 0x0000000087800000| Untracked 
| 121|0x0000000087900000, 0x0000000087900000, 0x0000000087a00000|  0%| F|  |TAMS 0x0000000087900000, 0x0000000087900000| Untracked 
| 122|0x0000000087a00000, 0x0000000087a00000, 0x0000000087b00000|  0%| F|  |TAMS 0x0000000087a00000, 0x0000000087a00000| Untracked 
| 123|0x0000000087b00000, 0x0000000087b00000, 0x0000000087c00000|  0%| F|  |TAMS 0x0000000087b00000, 0x0000000087b00000| Untracked 
| 124|0x0000000087c00000, 0x0000000087c00000, 0x0000000087d00000|  0%| F|  |TAMS 0x0000000087c00000, 0x0000000087c00000| Untracked 
| 125|0x0000000087d00000, 0x0000000087d00000, 0x0000000087e00000|  0%| F|  |TAMS 0x0000000087d00000, 0x0000000087d00000| Untracked 
| 126|0x0000000087e00000, 0x0000000087e00000, 0x0000000087f00000|  0%| F|  |TAMS 0x0000000087e00000, 0x0000000087e00000| Untracked 
| 127|0x0000000087f00000, 0x0000000087fb9a00, 0x0000000088000000| 72%| E|  |TAMS 0x0000000087f00000, 0x0000000087f00000| Complete 

Card table byte_map: [0x0000025cbb710000,0x0000025cbbb10000] _byte_map_base: 0x0000025cbb310000

Marking Bits (Prev, Next): (CMBitMap*) 0x0000025ca836eb20, (CMBitMap*) 0x0000025ca836eb60
 Prev Bits: [0x0000025cbbf10000, 0x0000025cbdf10000)
 Next Bits: [0x0000025cbdf10000, 0x0000025cbff10000)

Polling page: 0x0000025ca6290000

Metaspace:

Usage:
  Non-class:     16.89 MB used.
      Class:      1.99 MB used.
       Both:     18.89 MB used.

Virtual space:
  Non-class space:       64.00 MB reserved,      17.00 MB ( 27%) committed,  1 nodes.
      Class space:        1.00 GB reserved,       2.12 MB ( <1%) committed,  1 nodes.
             Both:        1.06 GB reserved,      19.12 MB (  2%) committed. 

Chunk freelists:
   Non-Class:  14.95 MB
       Class:  13.75 MB
        Both:  28.70 MB

MaxMetaspaceSize: unlimited
CompressedClassSpaceSize: 1.00 GB
Initial GC threshold: 21.00 MB
Current GC threshold: 21.00 MB
CDS: off
MetaspaceReclaimPolicy: balanced
 - commit_granule_bytes: 65536.
 - commit_granule_words: 8192.
 - virtual_space_node_default_size: 8388608.
 - enlarge_chunks_in_place: 1.
 - new_chunks_are_fully_committed: 0.
 - uncommit_free_chunks: 1.
 - use_allocation_guard: 0.
 - handle_deallocations: 1.


Internal statistics:

num_allocs_failed_limit: 0.
num_arena_births: 270.
num_arena_deaths: 0.
num_vsnodes_births: 2.
num_vsnodes_deaths: 0.
num_space_committed: 306.
num_space_uncommitted: 0.
num_chunks_returned_to_freelist: 0.
num_chunks_taken_from_freelist: 550.
num_chunk_merges: 0.
num_chunk_splits: 328.
num_chunks_enlarged: 162.
num_inconsistent_stats: 0.

CodeHeap 'non-profiled nmethods': size=119168Kb used=492Kb max_used=492Kb free=118675Kb
 bounds [0x0000025cb3630000, 0x0000025cb38a0000, 0x0000025cbaa90000]
CodeHeap 'profiled nmethods': size=119104Kb used=2488Kb max_used=2488Kb free=116615Kb
 bounds [0x0000025caba90000, 0x0000025cabd00000, 0x0000025cb2ee0000]
CodeHeap 'non-nmethods': size=7488Kb used=2331Kb max_used=2369Kb free=5156Kb
 bounds [0x0000025cb2ee0000, 0x0000025cb3150000, 0x0000025cb3630000]
 total_blobs=1950 nmethods=1436 adapters=425
 compilation: enabled
              stopped_count=0, restarted_count=0
 full_count=0

Compilation events (20 events):
Event: 0.765 Thread 0x0000025cc32c71c0 1428   !   3       sun.security.util.DisabledAlgorithmConstraints::cachedCheckAlgorithm (116 bytes)
Event: 0.766 Thread 0x0000025cc32c6ca0 nmethod 1427 0x0000025cabcf6d90 code [0x0000025cabcf6f20, 0x0000025cabcf7098]
Event: 0.766 Thread 0x0000025cc32c6ca0 1429   !   3       java.util.ImmutableCollections$ListItr::next (34 bytes)
Event: 0.766 Thread 0x0000025cc32c6ca0 nmethod 1429 0x0000025cabcf7110 code [0x0000025cabcf72c0, 0x0000025cabcf7598]
Event: 0.766 Thread 0x0000025cc32c6ca0 1430       3       java.util.RegularEnumSet::add (9 bytes)
Event: 0.766 Thread 0x0000025cc316fe20 nmethod 1426 0x0000025cabcf7710 code [0x0000025cabcf7920, 0x0000025cabcf7fa8]
Event: 0.766 Thread 0x0000025cc316fe20 1431       3       java.util.RegularEnumSet::add (40 bytes)
Event: 0.766 Thread 0x0000025cc32c6ca0 nmethod 1430 0x0000025cabcf8210 code [0x0000025cabcf83c0, 0x0000025cabcf8608]
Event: 0.766 Thread 0x0000025cc32c6ca0 1432       3       java.util.EnumSet::typeCheck (59 bytes)
Event: 0.766 Thread 0x0000025cc316fe20 nmethod 1431 0x0000025cabcf8710 code [0x0000025cabcf88c0, 0x0000025cabcf8aa8]
Event: 0.766 Thread 0x0000025cc316fe20 1433   !   3       java.lang.Class::getEnumConstantsShared (71 bytes)
Event: 0.766 Thread 0x0000025cc32c71c0 nmethod 1428 0x0000025cabcf8b90 code [0x0000025cabcf8e20, 0x0000025cabcf9d28]
Event: 0.766 Thread 0x0000025cc32c71c0 1434       3       java.lang.System$2::getEnumConstantsShared (8 bytes)
Event: 0.766 Thread 0x0000025cc32c71c0 nmethod 1434 0x0000025cabcfa190 code [0x0000025cabcfa340, 0x0000025cabcfa568]
Event: 0.766 Thread 0x0000025cc32c71c0 1435       3       java.lang.Enum::getDeclaringClass (22 bytes)
Event: 0.766 Thread 0x0000025cc32c71c0 nmethod 1435 0x0000025cabcfa690 code [0x0000025cabcfa840, 0x0000025cabcfaa08]
Event: 0.766 Thread 0x0000025cc32c71c0 1436       3       java.util.EnumSet::of (16 bytes)
Event: 0.766 Thread 0x0000025cc32c6ca0 nmethod 1432 0x0000025cabcfab10 code [0x0000025cabcfadc0, 0x0000025cabcfb878]
Event: 0.766 Thread 0x0000025cc32c71c0 nmethod 1436 0x0000025cabcfbc90 code [0x0000025cabcfbe60, 0x0000025cabcfc168]
Event: 0.767 Thread 0x0000025cc316fe20 nmethod 1433 0x0000025cabcfc390 code [0x0000025cabcfc6c0, 0x0000025cabcfdad8]

GC Heap History (2 events):
Event: 0.757 GC heap before
{Heap before GC invocations=0 (full 0):
 garbage-first heap   total 131072K, used 25600K [0x0000000080000000, 0x0000000100000000)
  region size 1024K, 23 young (23552K), 0 survivors (0K)
 Metaspace       used 18507K, committed 18752K, reserved 1114112K
  class space    used 1952K, committed 2048K, reserved 1048576K
}
Event: 0.761 GC heap after
{Heap after GC invocations=1 (full 0):
 garbage-first heap   total 131072K, used 8638K [0x0000000080000000, 0x0000000100000000)
  region size 1024K, 3 young (3072K), 3 survivors (3072K)
 Metaspace       used 18507K, committed 18752K, reserved 1114112K
  class space    used 1952K, committed 2048K, reserved 1048576K
}

Dll operation events (1 events):
Event: 0.006 Loaded shared library F:\IntelliJ IDEA 2024.2\jbr\bin\java.dll

Deoptimization events (20 events):
Event: 0.149 Thread 0x0000025ca613dff0 Uncommon trap: trap_request=0xffffff45 fr.pc=0x0000025cb3637634 relative=0x0000000000000294
Event: 0.149 Thread 0x0000025ca613dff0 Uncommon trap: reason=unstable_if action=reinterpret pc=0x0000025cb3637634 method=java.util.zip.ZipCoder$UTF8ZipCoder.checkedHash([BII)I @ 75 c2
Event: 0.149 Thread 0x0000025ca613dff0 DEOPT PACKING pc=0x0000025cb3637634 sp=0x000000ae696fd840
Event: 0.149 Thread 0x0000025ca613dff0 DEOPT UNPACKING pc=0x0000025cb2f369a3 sp=0x000000ae696fd7d0 mode 2
Event: 0.318 Thread 0x0000025ca613dff0 DEOPT PACKING pc=0x0000025cabaa8ee7 sp=0x000000ae696fe470
Event: 0.318 Thread 0x0000025ca613dff0 DEOPT UNPACKING pc=0x0000025cb2f37143 sp=0x000000ae696fd890 mode 0
Event: 0.327 Thread 0x0000025ca613dff0 DEOPT PACKING pc=0x0000025cabaa5451 sp=0x000000ae696fcfc0
Event: 0.327 Thread 0x0000025ca613dff0 DEOPT UNPACKING pc=0x0000025cb2f37143 sp=0x000000ae696fc438 mode 0
Event: 0.586 Thread 0x0000025cc37b0aa0 DEOPT PACKING pc=0x0000025cabacffd6 sp=0x000000ae6b5fa7c0
Event: 0.586 Thread 0x0000025cc37b0aa0 DEOPT UNPACKING pc=0x0000025cb2f37143 sp=0x000000ae6b5f9c60 mode 0
Event: 0.587 Thread 0x0000025cc37b0aa0 DEOPT PACKING pc=0x0000025cabacffd6 sp=0x000000ae6b5fa7c0
Event: 0.587 Thread 0x0000025cc37b0aa0 DEOPT UNPACKING pc=0x0000025cb2f37143 sp=0x000000ae6b5f9c60 mode 0
Event: 0.587 Thread 0x0000025cc37b0aa0 DEOPT PACKING pc=0x0000025cabacffd6 sp=0x000000ae6b5fa7c0
Event: 0.587 Thread 0x0000025cc37b0aa0 DEOPT UNPACKING pc=0x0000025cb2f37143 sp=0x000000ae6b5f9c60 mode 0
Event: 0.587 Thread 0x0000025cc37b0aa0 DEOPT PACKING pc=0x0000025cabacffd6 sp=0x000000ae6b5fa7c0
Event: 0.587 Thread 0x0000025cc37b0aa0 DEOPT UNPACKING pc=0x0000025cb2f37143 sp=0x000000ae6b5f9c60 mode 0
Event: 0.588 Thread 0x0000025cc37b0aa0 DEOPT PACKING pc=0x0000025cabacffd6 sp=0x000000ae6b5fa7c0
Event: 0.588 Thread 0x0000025cc37b0aa0 DEOPT UNPACKING pc=0x0000025cb2f37143 sp=0x000000ae6b5f9c60 mode 0
Event: 0.738 Thread 0x0000025cc37b0aa0 DEOPT PACKING pc=0x0000025cabbbdd3e sp=0x000000ae6b5f94f0
Event: 0.738 Thread 0x0000025cc37b0aa0 DEOPT UNPACKING pc=0x0000025cb2f37143 sp=0x000000ae6b5f8990 mode 0

Classes unloaded (0 events):
No events

Classes redefined (0 events):
No events

Internal exceptions (20 events):
Event: 0.203 Thread 0x0000025ca613dff0 Exception <a 'java/lang/IncompatibleClassChangeError'{0x0000000087a1b5b8}: Found class java.lang.Object, but interface was expected> (0x0000000087a1b5b8) 
thrown [s\src\hotspot\share\interpreter\linkResolver.cpp, line 838]
Event: 0.203 Thread 0x0000025ca613dff0 Exception <a 'java/lang/NoSuchMethodError'{0x0000000087a1e288}: 'void java.lang.invoke.DirectMethodHandle$Holder.invokeStatic(java.lang.Object, java.lang.Object)'> (0x0000000087a1e288) 
thrown [s\src\hotspot\share\interpreter\linkResolver.cpp, line 771]
Event: 0.203 Thread 0x0000025ca613dff0 Exception <a 'java/lang/NoSuchMethodError'{0x0000000087a218f8}: 'void java.lang.invoke.DirectMethodHandle$Holder.invokeStaticInit(java.lang.Object, java.lang.Object)'> (0x0000000087a218f8) 
thrown [s\src\hotspot\share\interpreter\linkResolver.cpp, line 771]
Event: 0.222 Thread 0x0000025ca613dff0 Exception <a 'java/lang/NoSuchMethodError'{0x0000000087a34550}: 'java.lang.Object java.lang.invoke.DirectMethodHandle$Holder.invokeStaticInit(java.lang.Object)'> (0x0000000087a34550) 
thrown [s\src\hotspot\share\interpreter\linkResolver.cpp, line 771]
Event: 0.245 Thread 0x0000025ca613dff0 Exception <a 'java/lang/NoSuchMethodError'{0x0000000087ab0e20}: 'java.lang.Object java.lang.invoke.DirectMethodHandle$Holder.invokeStaticInit(java.lang.Object, int, int, int, int)'> (0x0000000087ab0e20) 
thrown [s\src\hotspot\share\interpreter\linkResolver.cpp, line 771]
Event: 0.290 Thread 0x0000025ca613dff0 Exception <a 'java/lang/NoSuchMethodError'{0x0000000087ae8040}: 'java.lang.Object java.lang.invoke.DirectMethodHandle$Holder.invokeStaticInit(java.lang.Object, java.lang.Object, int, int, int, int)'> (0x0000000087ae8040) 
thrown [s\src\hotspot\share\interpreter\linkResolver.cpp, line 771]
Event: 0.338 Thread 0x0000025ca613dff0 Exception <a 'java/lang/NoSuchMethodError'{0x0000000087774d30}: 'java.lang.Object java.lang.invoke.Invokers$Holder.linkToTargetMethod(java.lang.Object, long, java.lang.Object)'> (0x0000000087774d30) 
thrown [s\src\hotspot\share\interpreter\linkResolver.cpp, line 771]
Event: 0.378 Thread 0x0000025cc37b0590 Exception <a 'java/lang/NoSuchMethodError'{0x0000000087524230}: static [B.<clinit>()V> (0x0000000087524230) 
thrown [s\src\hotspot\share\prims\jni.cpp, line 1122]
Event: 0.378 Thread 0x0000025cc37b0aa0 Exception <a 'java/lang/NoSuchMethodError'{0x000000008759c928}: static [B.<clinit>()V> (0x000000008759c928) 
thrown [s\src\hotspot\share\prims\jni.cpp, line 1122]
Event: 0.489 Thread 0x0000025cc37b0aa0 Exception <a 'java/lang/NoSuchMethodError'{0x00000000875ca248}: static [Ljava/rmi/server/ObjID;.<clinit>()V> (0x00000000875ca248) 
thrown [s\src\hotspot\share\prims\jni.cpp, line 1122]
Event: 0.492 Thread 0x0000025cc37afb70 Exception <a 'java/lang/InterruptedException'{0x00000000875ee090}> (0x00000000875ee090) 
thrown [s\src\hotspot\share\runtime\objectMonitor.cpp, line 1658]
Event: 0.492 Thread 0x0000025cc37b0aa0 Exception <a 'java/lang/NoSuchMethodError'{0x00000000875d1b48}: 'void java.lang.invoke.DirectMethodHandle$Holder.invokeSpecial(java.lang.Object, java.lang.Object, java.lang.Object)'> (0x00000000875d1b48) 
thrown [s\src\hotspot\share\interpreter\linkResolver.cpp, line 771]
Event: 0.492 Thread 0x0000025cc37b0aa0 Exception <a 'java/lang/NoSuchMethodError'{0x00000000875d50b0}: 'void java.lang.invoke.Invokers$Holder.invoke_MT(java.lang.Object, java.lang.Object, java.lang.Object)'> (0x00000000875d50b0) 
thrown [s\src\hotspot\share\interpreter\linkResolver.cpp, line 771]
Event: 0.492 Thread 0x0000025cc37afb70 Exception <a 'java/lang/NoSuchMethodError'{0x00000000875f6838}: 'java.lang.Object java.lang.invoke.DirectMethodHandle$Holder.newInvokeSpecial(java.lang.Object, java.lang.Object, int, java.lang.Object, long)'> (0x00000000875f6838) 
thrown [s\src\hotspot\share\interpreter\linkResolver.cpp, line 771]
Event: 0.556 Thread 0x0000025cc37b0aa0 Exception <a 'java/lang/NoSuchMethodError'{0x00000000872bfa08}: 'java.lang.Object java.lang.invoke.DirectMethodHandle$Holder.invokeInterface(java.lang.Object, java.lang.Object)'> (0x00000000872bfa08) 
thrown [s\src\hotspot\share\interpreter\linkResolver.cpp, line 771]
Event: 0.593 Thread 0x0000025cc37b0aa0 Exception <a 'java/lang/NoSuchMethodError'{0x0000000087000098}: 'java.lang.Object java.lang.invoke.DirectMethodHandle$Holder.invokeVirtual(java.lang.Object, java.lang.Object, java.lang.Object)'> (0x0000000087000098) 
thrown [s\src\hotspot\share\interpreter\linkResolver.cpp, line 771]
Event: 0.735 Thread 0x0000025cc37b0aa0 Exception <a 'sun/nio/fs/WindowsException'{0x0000000086956e30}> (0x0000000086956e30) 
thrown [s\src\hotspot\share\prims\jni.cpp, line 531]
Event: 0.742 Thread 0x0000025cc37b0aa0 Exception <a 'java/lang/NoSuchMethodError'{0x000000008697b260}: 'int java.lang.invoke.DirectMethodHandle$Holder.invokeStaticInit(java.lang.Object, java.lang.Object, java.lang.Object, java.lang.Object)'> (0x000000008697b260) 
thrown [s\src\hotspot\share\interpreter\linkResolver.cpp, line 771]
Event: 0.743 Thread 0x0000025cc37b0aa0 Exception <a 'java/lang/IncompatibleClassChangeError'{0x00000000869846b0}: Found class java.lang.Object, but interface was expected> (0x00000000869846b0) 
thrown [s\src\hotspot\share\interpreter\linkResolver.cpp, line 838]
Event: 0.743 Thread 0x0000025cc37b0aa0 Exception <a 'java/lang/NoSuchMethodError'{0x0000000086989b98}: 'int java.lang.invoke.DirectMethodHandle$Holder.invokeStaticInit(java.lang.Object, java.lang.Object)'> (0x0000000086989b98) 
thrown [s\src\hotspot\share\interpreter\linkResolver.cpp, line 771]

VM Operations (16 events):
Event: 0.123 Executing VM operation: HandshakeAllThreads
Event: 0.123 Executing VM operation: HandshakeAllThreads done
Event: 0.164 Executing VM operation: HandshakeAllThreads
Event: 0.164 Executing VM operation: HandshakeAllThreads done
Event: 0.207 Executing VM operation: HandshakeAllThreads
Event: 0.207 Executing VM operation: HandshakeAllThreads done
Event: 0.503 Executing VM operation: HandshakeAllThreads
Event: 0.503 Executing VM operation: HandshakeAllThreads done
Event: 0.719 Executing VM operation: HandshakeAllThreads
Event: 0.719 Executing VM operation: HandshakeAllThreads done
Event: 0.729 Executing VM operation: ICBufferFull
Event: 0.729 Executing VM operation: ICBufferFull done
Event: 0.739 Executing VM operation: HandshakeAllThreads
Event: 0.739 Executing VM operation: HandshakeAllThreads done
Event: 0.757 Executing VM operation: G1CollectForAllocation
Event: 0.761 Executing VM operation: G1CollectForAllocation done

Events (20 events):
Event: 0.775 loading class sun/security/ssl/SSLCipher$NullWriteCipherGenerator$NullWriteCipher done
Event: 0.775 loading class sun/security/ssl/SSLConfiguration
Event: 0.775 loading class sun/security/ssl/SSLConfiguration done
Event: 0.775 loading class javax/crypto/KeyGenerator
Event: 0.776 loading class javax/crypto/KeyGenerator done
Event: 0.776 loading class com/sun/crypto/provider/TlsMasterSecretGenerator
Event: 0.776 loading class javax/crypto/KeyGeneratorSpi
Event: 0.776 loading class javax/crypto/KeyGeneratorSpi done
Event: 0.776 loading class com/sun/crypto/provider/TlsMasterSecretGenerator done
Event: 0.776 loading class sun/security/ssl/ClientAuthType
Event: 0.776 loading class sun/security/ssl/ClientAuthType done
Event: 0.776 loading class sun/security/ssl/SSLConfiguration$CustomizedClientSignatureSchemes
Event: 0.776 loading class sun/security/ssl/SSLConfiguration$CustomizedClientSignatureSchemes done
Event: 0.776 loading class sun/security/ssl/SSLSessionImpl
Event: 0.776 loading class javax/net/ssl/ExtendedSSLSession
Event: 0.776 loading class javax/net/ssl/SSLSession
Event: 0.776 loading class javax/net/ssl/SSLSession done
Event: 0.776 loading class javax/net/ssl/ExtendedSSLSession done
Event: 0.776 loading class sun/security/ssl/SSLSessionImpl done
Event: 0.776 loading class sun/security/ssl/SignatureScheme


Dynamic libraries:
0x00007ff761650000 - 0x00007ff76165a000 	F:\IntelliJ IDEA 2024.2\jbr\bin\java.exe
0x00007ffe677b0000 - 0x00007ffe679a8000 	C:\WINDOWS\SYSTEM32\ntdll.dll
0x00007ffe66840000 - 0x00007ffe668fd000 	C:\WINDOWS\System32\KERNEL32.DLL
0x00007ffe653a0000 - 0x00007ffe65696000 	C:\WINDOWS\System32\KERNELBASE.dll
0x00007ffe64e70000 - 0x00007ffe64f70000 	C:\WINDOWS\System32\ucrtbase.dll
0x00007ffe4c070000 - 0x00007ffe4c087000 	F:\IntelliJ IDEA 2024.2\jbr\bin\jli.dll
0x00007ffe65e70000 - 0x00007ffe6600e000 	C:\WINDOWS\System32\USER32.dll
0x00007ffe656a0000 - 0x00007ffe656c2000 	C:\WINDOWS\System32\win32u.dll
0x00007ffe4cf00000 - 0x00007ffe4d19a000 	C:\WINDOWS\WinSxS\amd64_microsoft.windows.common-controls_6595b64144ccf1df_6.0.19041.3636_none_60b6a03d71f818d5\COMCTL32.dll
0x00007ffe66230000 - 0x00007ffe6625b000 	C:\WINDOWS\System32\GDI32.dll
0x00007ffe66010000 - 0x00007ffe660ae000 	C:\WINDOWS\System32\msvcrt.dll
0x00007ffe656d0000 - 0x00007ffe657e7000 	C:\WINDOWS\System32\gdi32full.dll
0x00007ffe64f70000 - 0x00007ffe6500d000 	C:\WINDOWS\System32\msvcp_win.dll
0x00007ffe5cbe0000 - 0x00007ffe5cbfb000 	F:\IntelliJ IDEA 2024.2\jbr\bin\VCRUNTIME140.dll
0x00007ffe66140000 - 0x00007ffe66172000 	C:\WINDOWS\System32\IMM32.DLL
0x00007ffe5a6c0000 - 0x00007ffe5a6cc000 	F:\IntelliJ IDEA 2024.2\jbr\bin\vcruntime140_1.dll
0x00007ffe362e0000 - 0x00007ffe3636d000 	F:\IntelliJ IDEA 2024.2\jbr\bin\msvcp140.dll
0x00007ffe1bb90000 - 0x00007ffe1c812000 	F:\IntelliJ IDEA 2024.2\jbr\bin\server\jvm.dll
0x00007ffe66aa0000 - 0x00007ffe66b53000 	C:\WINDOWS\System32\ADVAPI32.dll
0x00007ffe66190000 - 0x00007ffe6622f000 	C:\WINDOWS\System32\sechost.dll
0x00007ffe66970000 - 0x00007ffe66a96000 	C:\WINDOWS\System32\RPCRT4.dll
0x00007ffe651a0000 - 0x00007ffe651c7000 	C:\WINDOWS\System32\bcrypt.dll
0x00007ffe34940000 - 0x00007ffe34949000 	C:\WINDOWS\SYSTEM32\WSOCK32.dll
0x00007ffe643c0000 - 0x00007ffe6440b000 	C:\WINDOWS\SYSTEM32\POWRPROF.dll
0x00007ffe4aee0000 - 0x00007ffe4af07000 	C:\WINDOWS\SYSTEM32\WINMM.dll
0x00007ffe58a10000 - 0x00007ffe58a1a000 	C:\WINDOWS\SYSTEM32\VERSION.dll
0x00007ffe66900000 - 0x00007ffe6696b000 	C:\WINDOWS\System32\WS2_32.dll
0x00007ffe64280000 - 0x00007ffe64292000 	C:\WINDOWS\SYSTEM32\UMPDC.dll
0x00007ffe636b0000 - 0x00007ffe636c2000 	C:\WINDOWS\SYSTEM32\kernel.appcore.dll
0x00007ffe55cf0000 - 0x00007ffe55cfa000 	F:\IntelliJ IDEA 2024.2\jbr\bin\jimage.dll
0x00007ffe63210000 - 0x00007ffe633f4000 	C:\WINDOWS\SYSTEM32\DBGHELP.DLL
0x00007ffe57010000 - 0x00007ffe57044000 	C:\WINDOWS\SYSTEM32\dbgcore.DLL
0x00007ffe65110000 - 0x00007ffe65192000 	C:\WINDOWS\System32\bcryptPrimitives.dll
0x00007ffe4bbf0000 - 0x00007ffe4bc15000 	F:\IntelliJ IDEA 2024.2\jbr\bin\java.dll
0x00007ffe4bf00000 - 0x00007ffe4bf18000 	F:\IntelliJ IDEA 2024.2\jbr\bin\zip.dll
0x00007ffe66dd0000 - 0x00007ffe67515000 	C:\WINDOWS\System32\SHELL32.dll
0x00007ffe62100000 - 0x00007ffe6289c000 	C:\WINDOWS\SYSTEM32\windows.storage.dll
0x00007ffe65990000 - 0x00007ffe65ce4000 	C:\WINDOWS\System32\combase.dll
0x00007ffe648a0000 - 0x00007ffe648ce000 	C:\WINDOWS\SYSTEM32\Wldp.dll
0x00007ffe65cf0000 - 0x00007ffe65dbd000 	C:\WINDOWS\System32\OLEAUT32.dll
0x00007ffe676c0000 - 0x00007ffe6776d000 	C:\WINDOWS\System32\SHCORE.dll
0x00007ffe65930000 - 0x00007ffe65985000 	C:\WINDOWS\System32\shlwapi.dll
0x00007ffe64da0000 - 0x00007ffe64dc5000 	C:\WINDOWS\SYSTEM32\profapi.dll
0x00007ffe38350000 - 0x00007ffe38369000 	F:\IntelliJ IDEA 2024.2\jbr\bin\net.dll
0x00007ffe5b960000 - 0x00007ffe5ba6a000 	C:\WINDOWS\SYSTEM32\WINHTTP.dll
0x00007ffe64600000 - 0x00007ffe6466a000 	C:\WINDOWS\system32\mswsock.dll
0x00007ffe35fd0000 - 0x00007ffe35fe6000 	F:\IntelliJ IDEA 2024.2\jbr\bin\nio.dll
0x00007ffe642a0000 - 0x00007ffe642db000 	C:\WINDOWS\SYSTEM32\IPHLPAPI.DLL
0x00007ffe65920000 - 0x00007ffe65928000 	C:\WINDOWS\System32\NSI.dll
0x00007ffe5a2b0000 - 0x00007ffe5a2c7000 	C:\WINDOWS\SYSTEM32\dhcpcsvc6.DLL
0x00007ffe5a290000 - 0x00007ffe5a2ad000 	C:\WINDOWS\SYSTEM32\dhcpcsvc.DLL
0x00007ffe642e0000 - 0x00007ffe643ab000 	C:\WINDOWS\SYSTEM32\DNSAPI.dll
0x00007ffe647f0000 - 0x00007ffe64808000 	C:\WINDOWS\SYSTEM32\CRYPTSP.dll
0x00007ffe63ec0000 - 0x00007ffe63ef4000 	C:\WINDOWS\system32\rsaenh.dll
0x00007ffe64d20000 - 0x00007ffe64d4e000 	C:\WINDOWS\SYSTEM32\USERENV.dll
0x00007ffe64810000 - 0x00007ffe6481c000 	C:\WINDOWS\SYSTEM32\CRYPTBASE.dll
0x00007ffe35f40000 - 0x00007ffe35f49000 	F:\IntelliJ IDEA 2024.2\jbr\bin\extnet.dll
0x00007ffe360a0000 - 0x00007ffe360a7000 	F:\IntelliJ IDEA 2024.2\jbr\bin\rmi.dll
0x00007ffe5abf0000 - 0x00007ffe5abfa000 	C:\Windows\System32\rasadhlp.dll
0x00007ffe597f0000 - 0x00007ffe59870000 	C:\WINDOWS\System32\fwpuclnt.dll
0x00007ffe35f60000 - 0x00007ffe35f6e000 	F:\IntelliJ IDEA 2024.2\jbr\bin\sunmscapi.dll
0x00007ffe65240000 - 0x00007ffe6539d000 	C:\WINDOWS\System32\CRYPT32.dll
0x00007ffe64910000 - 0x00007ffe64938000 	C:\WINDOWS\SYSTEM32\ncrypt.dll
0x00007ffe648d0000 - 0x00007ffe6490b000 	C:\WINDOWS\SYSTEM32\NTASN1.dll

dbghelp: loaded successfully - version: 4.0.5 - missing functions: none
symbol engine: initialized successfully - sym options: 0x614 - pdb path: .;F:\IntelliJ IDEA 2024.2\jbr\bin;C:\WINDOWS\SYSTEM32;C:\WINDOWS\WinSxS\amd64_microsoft.windows.common-controls_6595b64144ccf1df_6.0.19041.3636_none_60b6a03d71f818d5;F:\IntelliJ IDEA 2024.2\jbr\bin\server

VM Arguments:
jvm_args: -Djava.rmi.server.hostname=127.0.0.1 -Duser.timezone=UTC -Xmx2048m -Xms128m -Djdbc.classpath=F:\IntelliJ IDEA 2024.2\plugins\DatabaseTools\lib\jdbc-console.jar;C:\Users\admin\AppData\Roaming\JetBrains\IntelliJIdea2024.1\jdbc-drivers\MySQL ConnectorJ\8.2.0\com\mysql\mysql-connector-j\8.2.0\mysql-connector-j-8.2.0.jar;C:\Users\admin\AppData\Roaming\JetBrains\IntelliJIdea2024.1\jdbc-drivers\MySQL ConnectorJ\8.2.0\com\google\protobuf\protobuf-java\3.21.9\protobuf-java-3.21.9.jar --add-exports=java.desktop/sun.awt=ALL-UNNAMED --add-exports=java.desktop/java.awt.peer=ALL-UNNAMED --add-opens=java.desktop/java.awt=ALL-UNNAMED --add-opens=jdk.unsupported/sun.misc=ALL-UNNAMED --add-opens=java.base/java.nio=ALL-UNNAMED --add-opens=java.base/java.util=ALL-UNNAMED -Dfile.encoding=UTF-8 
java_command: com.intellij.database.remote.RemoteJdbcServer com.mysql.cj.jdbc.Driver
java_class_path (initial): F:\IntelliJ IDEA 2024.2\lib\util_rt.jar;F:\IntelliJ IDEA 2024.2\lib\util-8.jar;F:\IntelliJ IDEA 2024.2\lib\groovy.jar;F:\IntelliJ IDEA 2024.2\plugins\DatabaseTools\lib\jdbc-console.jar;F:\IntelliJ IDEA 2024.2\plugins\grid-core-impl\lib\jdbc-console-types.jar;F:\IntelliJ IDEA 2024.2\lib\util.jar
Launcher Type: SUN_STANDARD

[Global flags]
     intx CICompilerCount                          = 12                                        {product} {ergonomic}
     uint ConcGCThreads                            = 3                                         {product} {ergonomic}
     uint G1ConcRefinementThreads                  = 13                                        {product} {ergonomic}
   size_t G1HeapRegionSize                         = 1048576                                   {product} {ergonomic}
    uintx GCDrainStackTargetSize                   = 64                                        {product} {ergonomic}
   size_t InitialHeapSize                          = 134217728                                 {product} {command line}
   size_t MarkStackSize                            = 4194304                                   {product} {ergonomic}
   size_t MaxHeapSize                              = 2147483648                                {product} {command line}
   size_t MaxNewSize                               = 1287651328                                {product} {ergonomic}
   size_t MinHeapDeltaBytes                        = 1048576                                   {product} {ergonomic}
   size_t MinHeapSize                              = 134217728                                 {product} {command line}
    uintx NonNMethodCodeHeapSize                   = 7602480                                {pd product} {ergonomic}
    uintx NonProfiledCodeHeapSize                  = 122027880                              {pd product} {ergonomic}
    uintx ProfiledCodeHeapSize                     = 122027880                              {pd product} {ergonomic}
    uintx ReservedCodeCacheSize                    = 251658240                              {pd product} {ergonomic}
     bool SegmentedCodeCache                       = true                                      {product} {ergonomic}
   size_t SoftMaxHeapSize                          = 2147483648                             {manageable} {ergonomic}
     bool UseCompressedClassPointers               = true                           {product lp64_product} {ergonomic}
     bool UseCompressedOops                        = true                           {product lp64_product} {ergonomic}
     bool UseG1GC                                  = true                                      {product} {ergonomic}
     bool UseLargePagesIndividualAllocation        = false                                  {pd product} {ergonomic}

Logging:
Log output configuration:
 #0: stdout all=warning uptime,level,tags
 #1: stderr all=off uptime,level,tags

Environment Variables:
JAVA_HOME=E:\jdk
CLASSPATH=.;%JAVAHOME%\lib;%JAVAHOME%\lib\tools.jar
PATH=F:\app\admin\product\11.2.0\dbhome_1\bin;C:\Program Files\Common Files\Oracle\Java\javapath;C:\Program Files (x86)\Common Files\Oracle\Java\javapath;C:\Program Files (x86)\VMware\VMware Workstation\bin\;C:\WINDOWS\system32;C:\WINDOWS;C:\WINDOWS\System32\Wbem;C:\WINDOWS\System32\WindowsPowerShell\v1.0\;C:\WINDOWS\System32\OpenSSH\;C:\ProgramData\chocolatey\bin;F:\TOMCAT\bin;C:\Program Files\Java\jdk-21\bin;D:\maven\apache-maven-3.6.2\bin;D:\maven\apache-maven-3.6.2\bin;E:\jdk\bin;C:\strawberry\c\bin;C:\strawberry\perl\bin;C:\Program Files\Docker\Docker\resources\bin;Z:\Git\cmd;Z:\node.js\;Z:\node.js\node_modules;F:\Anaconda3;F:\Anaconda3\Library\mingw-w64\bin;F:\Anaconda3\Library\usr\bin;F:\Anaconda3\Library\bin;F:\Anaconda3\Scripts;C:\Users\admin\AppData\Local\Microsoft\WindowsApps;C:\Users\admin\AppData\Local\Programs\Microsoft VS Code\bin;F:\IntelliJ IDEA 2024.1\bin;;C:\Users\admin\Desktop\PyCharm 2023.3.5\bin;;F:\IntelliJ IDEA Community Edition 2024.1\bin;;Z:\node.js\node_global;
USERNAME=admin
TERM=dumb
OS=Windows_NT
PROCESSOR_IDENTIFIER=Intel64 Family 6 Model 165 Stepping 2, GenuineIntel
TMP=C:\Users\admin\AppData\Local\Temp
TEMP=C:\Users\admin\AppData\Local\Temp



Periodic native trim disabled

JNI global refs:
JNI global refs: 26, weak refs: 0

JNI global refs memory usage: 843, weak refs: 841

OOME stack traces (most recent first):
Classloader memory used:
Loader bootstrap                                                                       : 1963K
Loader com.intellij.database.remote.jdbc.impl.JdbcClassLoader$JdbcClassLoaderImpl      : 241K
Loader jdk.internal.loader.ClassLoaders$AppClassLoader                                 : 149K
Loader jdk.internal.loader.ClassLoaders$PlatformClassLoader                            : 55182B
Loader jdk.internal.reflect.DelegatingClassLoader                                      : 9396B


---------------  S Y S T E M  ---------------

OS:
 Windows 10 , 64 bit Build 19041 (10.0.19041.3636)
OS uptime: 0 days 7:41 hours

CPU: total 16 (initial active 16) (8 cores per cpu, 2 threads per core) family 6 model 165 stepping 2 microcode 0xf8, cx8, cmov, fxsr, ht, mmx, 3dnowpref, sse, sse2, sse3, ssse3, sse4.1, sse4.2, popcnt, lzcnt, tsc, tscinvbit, avx, avx2, aes, erms, clmul, bmi1, bmi2, adx, fma, vzeroupper, clflush, clflushopt
Processor Information for all 16 processors :
  Max Mhz: 2208, Current Mhz: 2208, Mhz Limit: 2208

Memory: 4k page, system-wide physical 32542M (12802M free)
TotalPageFile size 32542M (AvailPageFile size 6M)
current process WorkingSet (physical memory assigned to process): 103M, peak: 103M
current process commit charge ("private bytes"): 250M, peak: 252M

vm_info: OpenJDK 64-Bit Server VM (17.0.10+8-b1207.12) for windows-amd64 JRE (17.0.10+8-b1207.12), built on 2024-03-15 by "builduser" with MS VC++ 16.10 / 16.11 (VS2019)

END.
